CCS PCM C Compiler, Version 5.007, 61971               21-fev-22 12:01

               Filename:   C:\Users\ktcar\Documents\CCS C Projects\blink\blink.lst

               ROM used:   58 words (1%)
                           Largest free fragment is 2048
               RAM used:   6 (2%) at main() level
                           7 (2%) worst case
               Stack used: 0 locations
               Stack size: 8

*
0000:  MOVLW  00
0001:  MOVWF  0A
0002:  GOTO   018
0003:  NOP
.................... //#include <blink.h> 
.................... #include <16F877A.h> 
.................... //////// Standard Header file for the PIC16F877A device //////////////// 
.................... #device PIC16F877A 
....................  
.................... #list 
....................  
.................... #device ADC=8 
....................  
.................... #FUSES NOWDT                    //No Watch Dog Timer 
.................... #FUSES NOBROWNOUT               //No brownout reset 
.................... #FUSES NOLVP                    //No low voltage prgming, B3(PIC16) or B5(PIC18) used for I/O 
....................  
.................... #use delay(crystal=20000000) 
0004:  MOVLW  22
0005:  MOVWF  04
0006:  BCF    03.7
0007:  MOVF   00,W
0008:  BTFSC  03.2
0009:  GOTO   017
000A:  MOVLW  06
000B:  MOVWF  78
000C:  CLRF   77
000D:  DECFSZ 77,F
000E:  GOTO   00D
000F:  DECFSZ 78,F
0010:  GOTO   00C
0011:  MOVLW  7B
0012:  MOVWF  77
0013:  DECFSZ 77,F
0014:  GOTO   013
0015:  DECFSZ 00,F
0016:  GOTO   00A
0017:  RETURN
....................  
.................... #define LED PIN_B7             //escolhe o pino que deseja que pisque  
.................... #define DELAY 1000            //delay em milisegundos 
....................  
.................... void main() 
0018:  BSF    03.5
0019:  BSF    1F.0
001A:  BSF    1F.1
001B:  BSF    1F.2
001C:  BCF    1F.3
001D:  MOVLW  07
001E:  MOVWF  1C
001F:  BCF    03.7
0020:  MOVLW  1F
0021:  ANDWF  03,F
.................... { 
....................  
....................    //Example blinking LED program 
....................    while(true) 
....................    { 
....................       output_low(LED); 
0022:  BCF    06.7
0023:  BCF    03.5
0024:  BCF    06.7
....................       delay_ms(DELAY); 
0025:  MOVLW  04
0026:  MOVWF  21
0027:  MOVLW  FA
0028:  MOVWF  22
0029:  CALL   004
002A:  DECFSZ 21,F
002B:  GOTO   027
....................       output_high(LED); 
002C:  BSF    03.5
002D:  BCF    06.7
002E:  BCF    03.5
002F:  BSF    06.7
....................       delay_ms(DELAY); 
0030:  MOVLW  04
0031:  MOVWF  21
0032:  MOVLW  FA
0033:  MOVWF  22
0034:  CALL   004
0035:  DECFSZ 21,F
0036:  GOTO   032
0037:  BSF    03.5
0038:  GOTO   022
....................    } 
....................  
.................... } 
0039:  SLEEP

Configuration Fuses:
   Word  1: 3F32   HS NOWDT PUT NOBROWNOUT NOLVP NOCPD NOWRT NODEBUG NOPROTECT
